Build started 2025/05/16 14:58:43.
Logging verbosity is set to: Normal.     1>Project "D:\DxLib_VC\DX_LibData\tyoNaoki\entityProject\entityProject.vcxproj" on node 2 (Build target(s)).
     1>InitializeBuildStatus:
         Creating "Debug\entityProject.tlog\unsuccessfulbuild" because "AlwaysCreate" was specified.
       ClCompile:
         C:\Program Files (x86)\Microsoft Visual Studio\2019\Community\VC\Tools\MSVC\14.29.30133\bin\HostX86\x86\CL.exe /c /I"D:\DxLib_VC\プロジェクトに追加すべきファイル_VC用" /ZI /JMC /nologo /W3 /WX- /diagnostics:column /sdl /Od /Oy- /D WIN32 /D _DEBUG /D _WINDOWS /D _MBCS /Gm- /EHsc /RTC1 /MTd /GS /fp:precise /permissive- /Zc:wchar_t /Zc:forScope /Zc:inline /std:c++17 /Fo"Debug\\" /Fd"Debug\vc142.pdb" /external:W3 /Gd /TP /analyze- /FC /errorReport:prompt main.cpp
         main.cpp
     1>D:\DxLib_VC\DX_LibData\tyoNaoki\entityProject\World.h(212,1): warning C4010: single-line comment contains line-continuation character
       Link:
         C:\Program Files (x86)\Microsoft Visual Studio\2019\Community\VC\Tools\MSVC\14.29.30133\bin\HostX86\x86\link.exe /ERRORREPORT:PROMPT /OUT:"D:\DxLib_VC\DX_LibData\tyoNaoki\entityProject\Debug\entityProject.exe" /INCREMENTAL /ILK:"Debug\entityProject.ilk" /NOLOGO /LIBPATH:"D:\DxLib_VC\プロジェクトに追加すべきファイル_VC用" kernel32.lib user32.lib gdi32.lib winspool.lib comdlg32.lib advapi32.lib shell32.lib ole32.lib oleaut32.lib uuid.lib odbc32.lib odbccp32.lib /MANIFEST /MANIFESTUAC:"level='asInvoker' uiAccess='false'" /manifest:embed /DEBUG /PDB:"D:\DxLib_VC\DX_LibData\tyoNaoki\entityProject\Debug\entityProject.pdb" /SUBSYSTEM:WINDOWS /TLBID:1 /DYNAMICBASE /NXCOMPAT /IMPLIB:"D:\DxLib_VC\DX_LibData\tyoNaoki\entityProject\Debug\entityProject.lib" /MACHINE:X86 Debug\EntityPool.obj
         Debug\main.obj
         Debug\Scene.obj
         Debug\SceneView.obj
         Debug\test.obj
         Debug\World.obj
         entityProject.vcxproj -> D:\DxLib_VC\DX_LibData\tyoNaoki\entityProject\Debug\entityProject.exe
       FinalizeBuildStatus:
         Deleting file "Debug\entityProject.tlog\unsuccessfulbuild".
         Touching "Debug\entityProject.tlog\entityProject.lastbuildstate".
     1>Done Building Project "D:\DxLib_VC\DX_LibData\tyoNaoki\entityProject\entityProject.vcxproj" (Build target(s)).

Build succeeded.

       "D:\DxLib_VC\DX_LibData\tyoNaoki\entityProject\entityProject.vcxproj" (Build target) (1) ->
       (ClCompile target) -> 
         D:\DxLib_VC\DX_LibData\tyoNaoki\entityProject\World.h(212,1): warning C4010: single-line comment contains line-continuation character

    1 Warning(s)
    0 Error(s)

Time Elapsed 00:00:01.63
